<?xml version="1.0" encoding="UTF-8"?>
<!-- Generated by org.testng.reporters.JUnitXMLReporter -->
<testsuite ignored="0" hostname="Kunals-MacBook-Pro.local" failures="1" tests="4" name="ParallelTests" time="0.047" errors="0" timestamp="2021-02-06T22:28:14 IST">
  <testcase classname="bootcamp.testng.BasicTest" name="test1" time="0.007">
    <failure type="java.lang.AssertionError">
      <![CDATA[java.lang.AssertionError
at org.junit.Assert.fail(Assert.java:92)
at org.junit.Assert.assertTrue(Assert.java:43)
at org.junit.Assert.assertTrue(Assert.java:54)
at bootcamp.testng.BasicTest.test1(BasicTest.java:18)
at java.base/java.util.ArrayList.forEach(ArrayList.java:1511)
... Removed 27 stack frames]]>
    </failure>
  </testcase> <!-- test1 -->
  <testcase classname="bootcamp.testng.BasicTest" name="test2" time="0.001"/>
  <testcase classname="bootcamp.testng.DepandsOn" name="login" time="0.001"/>
  <testcase classname="bootcamp.testng.DepandsOn" name="verifyHomePage" time="0.001"/>
</testsuite> <!-- ParallelTests -->
